-Djava.endorsed.dirs=/home/ps/tmp/eset/eset_crackme/http_server/apache-tomcat/endorsed is not supported. Endorsed standards and standalone APIs
in modular form will be supported via the concept of upgradeable modules.
Error: Could not create the Java Virtual Machine.
Error: A fatal exception has occurred. Program will exit.
-Djava.endorsed.dirs=/home/ps/tmp/eset/eset_crackme/http_server/apache-tomcat/endorsed is not supported. Endorsed standards and standalone APIs
in modular form will be supported via the concept of upgradeable modules.
Error: Could not create the Java Virtual Machine.
Error: A fatal exception has occurred. Program will exit.
-Djava.endorsed.dirs=/home/ps/tmp/eset/eset_crackme/http_server/apache-tomcat/endorsed is not supported. Endorsed standards and standalone APIs
in modular form will be supported via the concept of upgradeable modules.
Error: Could not create the Java Virtual Machine.
Error: A fatal exception has occurred. Program will exit.
-Djava.endorsed.dirs=/home/ps/tmp/eset/eset_crackme/http_server/apache-tomcat/endorsed is not supported. Endorsed standards and standalone APIs
in modular form will be supported via the concept of upgradeable modules.
Error: Could not create the Java Virtual Machine.
Error: A fatal exception has occurred. Program will exit.
-Djava.endorsed.dirs=/home/ps/tmp/eset/eset_crackme/http_server/apache-tomcat/endorsed is not supported. Endorsed standards and standalone APIs
in modular form will be supported via the concept of upgradeable modules.
Error: Could not create the Java Virtual Machine.
Error: A fatal exception has occurred. Program will exit.
-Djava.endorsed.dirs=/home/ps/tmp/eset/eset_crackme/http_server/apache-tomcat/endorsed is not supported. Endorsed standards and standalone APIs
in modular form will be supported via the concept of upgradeable modules.
Error: Could not create the Java Virtual Machine.
Error: A fatal exception has occurred. Program will exit.
./catalina.sh: 371: /usr/bin//bin/java: not found
-Djava.endorsed.dirs=/home/ps/tmp/eset/eset_crackme/http_server/apache-tomcat/endorsed is not supported. Endorsed standards and standalone APIs
in modular form will be supported via the concept of upgradeable modules.
Error: Could not create the Java Virtual Machine.
Error: A fatal exception has occurred. Program will exit.
-Djava.endorsed.dirs=/home/ps/tmp/eset/eset_crackme/http_server/apache-tomcat/endorsed is not supported. Endorsed standards and standalone APIs
in modular form will be supported via the concept of upgradeable modules.
Error: Could not create the Java Virtual Machine.
Error: A fatal exception has occurred. Program will exit.
-Djava.endorsed.dirs=/home/ps/tmp/eset/eset_crackme/http_server/apache-tomcat/endorsed is not supported. Endorsed standards and standalone APIs
in modular form will be supported via the concept of upgradeable modules.
Error: Could not create the Java Virtual Machine.
Error: A fatal exception has occurred. Program will exit.
